<?xml version="1.0" encoding="UTF-8"?>
<!-- Generated by org.testng.reporters.JUnitReportReporter -->
<testsuite skipped="0" hostname="user" name="com.actitime.customerTest.createCustomer" tests="1" failures="0" timestamp="12 Nov 2019 01:40:52 GMT" time="7.351" errors="0">
  <testcase name="createCustomerTest" time="7.351" classname="com.actitime.customerTest.createCustomer"/>
</testsuite> <!-- com.actitime.customerTest.createCustomer -->
