<?xml version="1.0" encoding="UTF-8"?>
<!-- Generated by org.testng.reporters.JUnitReportReporter -->
<testsuite skipped="0" hostname="user" name="com.actitime.customerTest.createCustomerWithDesp" tests="1" failures="0" timestamp="12 Nov 2019 01:40:52 GMT" time="8.316" errors="0">
  <testcase name="createCustomerWithDespTest" time="8.316" classname="com.actitime.customerTest.createCustomerWithDesp"/>
</testsuite> <!-- com.actitime.customerTest.createCustomerWithDesp -->
